[01m[K/home/robotai/tb4_ws/src/tb4_cpp_prac2/src/tb4_arc_action.cpp:[m[K In member function â€˜[01m[Kvoid TB4ArcActionServer::execute(std::shared_ptr<rclcpp_action::ServerGoalHandle<irobot_create_msgs::action::DriveArc> >)[m[Kâ€™:
[01m[K/home/robotai/tb4_ws/src/tb4_cpp_prac2/src/tb4_arc_action.cpp:258:38:[m[K [01;31m[Kerror: [m[Kno matching function for call to â€˜[01m[Kmax(double, float)[m[Kâ€™
  258 |     remaining_angle_travel = [01;31m[Kstd::max(0.0, std::abs(target_angle) - progressed)[m[K;
      |                              [01;31m[K~~~~~~~~^~~~~~~~~~~~~~~~~~~~~~~~~~~~~~~~~~~~~~~~~~[m[K
In file included from [01m[K/usr/include/c++/12/bits/hashtable_policy.h:35[m[K,
                 from [01m[K/usr/include/c++/12/bits/hashtable.h:35[m[K,
                 from [01m[K/usr/include/c++/12/unordered_map:46[m[K,
                 from [01m[K/usr/include/c++/12/functional:61[m[K,
                 from [01m[K/home/robotai/tb4_ws/src/tb4_cpp_prac2/src/tb4_arc_action.cpp:1[m[K:
[01m[K/usr/include/c++/12/bits/stl_algobase.h:254:5:[m[K [01;36m[Knote: [m[Kcandidate: â€˜[01m[Ktemplate<class _Tp> constexpr const _Tp& std::max(const _Tp&, const _Tp&)[m[Kâ€™
  254 |     [01;36m[Kmax[m[K(const _Tp& __a, const _Tp& __b)
      |     [01;36m[K^~~[m[K
[01m[K/usr/include/c++/12/bits/stl_algobase.h:254:5:[m[K [01;36m[Knote: [m[K  template argument deduction/substitution failed:
[01m[K/home/robotai/tb4_ws/src/tb4_cpp_prac2/src/tb4_arc_action.cpp:258:38:[m[K [01;36m[Knote: [m[K  deduced conflicting types for parameter â€˜[01m[Kconst _Tp[m[Kâ€™ (â€˜[01m[Kdouble[m[Kâ€™ and â€˜[01m[Kfloat[m[Kâ€™)
  258 |     remaining_angle_travel = [01;36m[Kstd::max(0.0, std::abs(target_angle) - progressed)[m[K;
      |                              [01;36m[K~~~~~~~~^~~~~~~~~~~~~~~~~~~~~~~~~~~~~~~~~~~~~~~~~~[m[K
[01m[K/usr/include/c++/12/bits/stl_algobase.h:300:5:[m[K [01;36m[Knote: [m[Kcandidate: â€˜[01m[Ktemplate<class _Tp, class _Compare> constexpr const _Tp& std::max(const _Tp&, const _Tp&, _Compare)[m[Kâ€™
  300 |     [01;36m[Kmax[m[K(const _Tp& __a, const _Tp& __b, _Compare __comp)
      |     [01;36m[K^~~[m[K
[01m[K/usr/include/c++/12/bits/stl_algobase.h:300:5:[m[K [01;36m[Knote: [m[K  template argument deduction/substitution failed:
[01m[K/home/robotai/tb4_ws/src/tb4_cpp_prac2/src/tb4_arc_action.cpp:258:38:[m[K [01;36m[Knote: [m[K  deduced conflicting types for parameter â€˜[01m[Kconst _Tp[m[Kâ€™ (â€˜[01m[Kdouble[m[Kâ€™ and â€˜[01m[Kfloat[m[Kâ€™)
  258 |     remaining_angle_travel = [01;36m[Kstd::max(0.0, std::abs(target_angle) - progressed)[m[K;
      |                              [01;36m[K~~~~~~~~^~~~~~~~~~~~~~~~~~~~~~~~~~~~~~~~~~~~~~~~~~[m[K
In file included from [01m[K/usr/include/c++/12/functional:64[m[K:
[01m[K/usr/include/c++/12/bits/stl_algo.h:5746:5:[m[K [01;36m[Knote: [m[Kcandidate: â€˜[01m[Ktemplate<class _Tp> constexpr _Tp std::max(initializer_list<_Tp>)[m[Kâ€™
 5746 |     [01;36m[Kmax[m[K(initializer_list<_Tp> __l)
      |     [01;36m[K^~~[m[K
[01m[K/usr/include/c++/12/bits/stl_algo.h:5746:5:[m[K [01;36m[Knote: [m[K  template argument deduction/substitution failed:
[01m[K/home/robotai/tb4_ws/src/tb4_cpp_prac2/src/tb4_arc_action.cpp:258:38:[m[K [01;36m[Knote: [m[K  mismatched types â€˜[01m[Kstd::initializer_list<_Tp>[m[Kâ€™ and â€˜[01m[Kdouble[m[Kâ€™
  258 |     remaining_angle_travel = [01;36m[Kstd::max(0.0, std::abs(target_angle) - progressed)[m[K;
      |                              [01;36m[K~~~~~~~~^~~~~~~~~~~~~~~~~~~~~~~~~~~~~~~~~~~~~~~~~~[m[K
[01m[K/usr/include/c++/12/bits/stl_algo.h:5756:5:[m[K [01;36m[Knote: [m[Kcandidate: â€˜[01m[Ktemplate<class _Tp, class _Compare> constexpr _Tp std::max(initializer_list<_Tp>, _Compare)[m[Kâ€™
 5756 |     [01;36m[Kmax[m[K(initializer_list<_Tp> __l, _Compare __comp)
      |     [01;36m[K^~~[m[K
[01m[K/usr/include/c++/12/bits/stl_algo.h:5756:5:[m[K [01;36m[Knote: [m[K  template argument deduction/substitution failed:
[01m[K/home/robotai/tb4_ws/src/tb4_cpp_prac2/src/tb4_arc_action.cpp:258:38:[m[K [01;36m[Knote: [m[K  mismatched types â€˜[01m[Kstd::initializer_list<_Tp>[m[Kâ€™ and â€˜[01m[Kdouble[m[Kâ€™
  258 |     remaining_angle_travel = [01;36m[Kstd::max(0.0, std::abs(target_angle) - progressed)[m[K;
      |                              [01;36m[K~~~~~~~~^~~~~~~~~~~~~~~~~~~~~~~~~~~~~~~~~~~~~~~~~~[m[K
gmake[2]: *** [CMakeFiles/tb4_arc_action.dir/build.make:76: CMakeFiles/tb4_arc_action.dir/src/tb4_arc_action.cpp.o] Error 1
gmake[1]: *** [CMakeFiles/Makefile2:137: CMakeFiles/tb4_arc_action.dir/all] Error 2
gmake: *** [Makefile:146: all] Error 2
